<?xml version="1.0" encoding="UTF-8"?>
<!-- Generated by org.testng.reporters.JUnitReportReporter -->
<testsuite hostname="LAPTOP-1BU66JUJ" failures="0" tests="1" name="testCases.LoginTest" time="198.499" errors="0" timestamp="2025-03-16T21:25:13 IST" skipped="0">
  <testcase classname="testCases.LoginTest" name="checkUserLogin" time="198.499"/>
</testsuite> <!-- testCases.LoginTest -->
