<?xml version="1.0" encoding="UTF-8"?>
<!-- Generated by org.testng.reporters.JUnitReportReporter -->
<testsuite hostname="LAPTOP-1BU66JUJ" failures="0" tests="1" name="testCases.TC_01_Register_Test" time="3.411" errors="0" timestamp="2025-03-08T16:17:38 IST" skipped="0">
  <testcase classname="testCases.TC_01_Register_Test" name="checkUserRegister" time="3.411"/>
</testsuite> <!-- testCases.TC_01_Register_Test -->
