<?xml version="1.0" encoding="UTF-8"?>
<!-- Generated by org.testng.reporters.JUnitReportReporter -->
<testsuite hostname="LAPTOP-1BU66JUJ" failures="0" tests="2" name="testCases.LoginTest" time="187.291" errors="0" timestamp="2025-03-16T21:01:36 IST" skipped="0">
  <testcase classname="testCases.LoginTest" name="checkUserLogin" time="180.584"/>
  <testcase classname="testCases.LoginTest" name="checkUserLogin" time="6.707"/>
</testsuite> <!-- testCases.LoginTest -->
