<?xml version="1.0" encoding="UTF-8"?>
<!-- Generated by org.testng.reporters.JUnitReportReporter -->
<testsuite hostname="LAPTOP-1BU66JUJ" failures="0" tests="1" name="testCases.RegisterTest" time="4.805" errors="0" timestamp="2025-03-16T21:34:03 IST" skipped="0">
  <testcase classname="testCases.RegisterTest" name="checkUserRegister" time="4.805"/>
</testsuite> <!-- testCases.RegisterTest -->
